<?xml version="1.0" encoding="UTF-8"?>
<!-- Generated by org.testng.reporters.JUnitXMLReporter -->
<testsuite ignored="0" hostname="LAPTOP-0OV04MNR" failures="0" tests="2" name="Default test" time="53.313" errors="0" timestamp="2021-06-15T23:53:14 EEST">
  <testcase classname="test_suites.CapitalApiTestCases" name="verify_API_response_of_invalid_capital" time="5.734"/>
  <testcase classname="test_suites.CapitalApiTestCases" name="verify_API_response_of_valid_capital" time="47.544"/>
</testsuite> <!-- Default test -->
