<?xml version="1.0" encoding="UTF-8"?>
<testng-results ignored="0" total="2" passed="2" failed="0" skipped="0">
  <reporter-output>
  </reporter-output>
  <suite started-at="2021-06-15T23:52:21 EEST" name="Default suite" finished-at="2021-06-15T23:53:14 EEST" duration-ms="53313">
    <groups>
    </groups>
    <test started-at="2021-06-15T23:52:21 EEST" name="Default test" finished-at="2021-06-15T23:53:14 EEST" duration-ms="53313">
      <class name="test_suites.CapitalApiTestCases">
        <test-method is-config="true" signature="beforeClass()[pri:0, instance:test_suites.CapitalApiTestCases@247d8ae]" started-at="2021-06-15T23:52:21 EEST" name="beforeClass" finished-at="2021-06-15T23:52:21 EEST" duration-ms="5" status="PASS">
          <reporter-output>
          </reporter-output>
        </test-method> <!-- beforeClass -->
        <test-method signature="verify_API_response_of_invalid_capital()[pri:0, instance:test_suites.CapitalApiTestCases@247d8ae]" started-at="2021-06-15T23:52:21 EEST" name="verify_API_response_of_invalid_capital" finished-at="2021-06-15T23:52:27 EEST" duration-ms="5734" status="PASS">
          <reporter-output>
          </reporter-output>
        </test-method> <!-- verify_API_response_of_invalid_capital -->
        <test-method signature="verify_API_response_of_valid_capital()[pri:0, instance:test_suites.CapitalApiTestCases@247d8ae]" started-at="2021-06-15T23:52:27 EEST" name="verify_API_response_of_valid_capital" finished-at="2021-06-15T23:53:14 EEST" duration-ms="47544" status="PASS">
          <reporter-output>
          </reporter-output>
        </test-method> <!-- verify_API_response_of_valid_capital -->
      </class> <!-- test_suites.CapitalApiTestCases -->
    </test> <!-- Default test -->
  </suite> <!-- Default suite -->
</testng-results>
